c:\users\mümın\documents\vısual studıo 2017\projects\head_fırst_chap_5\head_fırst_chap_5\debug\head_fırst_chap_5.pch
c:\users\mümın\documents\vısual studıo 2017\projects\head_fırst_chap_5\head_fırst_chap_5\debug\vc141.pdb
c:\users\mümın\documents\vısual studıo 2017\projects\head_fırst_chap_5\head_fırst_chap_5\debug\vc141.ıdb
c:\users\mümın\documents\vısual studıo 2017\projects\head_fırst_chap_5\head_fırst_chap_5\debug\stdafx.obj
c:\users\mümın\documents\vısual studıo 2017\projects\head_fırst_chap_5\head_fırst_chap_5\debug\sıngleton.obj
c:\users\mümin\documents\visual studio 2017\projects\head_first_chap_5\head_first_chap_5\debug\singleton.obj
c:\users\mümin\documents\visual studio 2017\projects\head_first_chap_5\head_first_chap_5\debug\stdafx.obj
c:\users\mümin\documents\visual studio 2017\projects\head_first_chap_5\head_first_chap_5\debug\head_first_chap_5.pch
c:\users\mümin\documents\visual studio 2017\projects\head_first_chap_5\head_first_chap_5\debug\vc141.idb
c:\users\mümin\documents\visual studio 2017\projects\head_first_chap_5\head_first_chap_5\debug\vc141.pdb
c:\users\mümin\documents\visual studio 2017\projects\head_first_chap_5\debug\head_first_chap_5.pdb
c:\users\mümin\documents\visual studio 2017\projects\head_first_chap_5\head_first_chap_5\debug\head_fir.3a667ad3.tlog\cl.command.1.tlog
c:\users\mümin\documents\visual studio 2017\projects\head_first_chap_5\head_first_chap_5\debug\head_fir.3a667ad3.tlog\cl.read.1.tlog
c:\users\mümin\documents\visual studio 2017\projects\head_first_chap_5\head_first_chap_5\debug\head_fir.3a667ad3.tlog\cl.write.1.tlog
c:\users\mümin\documents\visual studio 2017\projects\head_first_chap_5\head_first_chap_5\debug\head_fir.3a667ad3.tlog\link-cvtres.read.1.tlog
c:\users\mümin\documents\visual studio 2017\projects\head_first_chap_5\head_first_chap_5\debug\head_fir.3a667ad3.tlog\link-cvtres.write.1.tlog
c:\users\mümin\documents\visual studio 2017\projects\head_first_chap_5\head_first_chap_5\debug\head_fir.3a667ad3.tlog\link-rc.read.1.tlog
c:\users\mümin\documents\visual studio 2017\projects\head_first_chap_5\head_first_chap_5\debug\head_fir.3a667ad3.tlog\link-rc.write.1.tlog
c:\users\mümin\documents\visual studio 2017\projects\head_first_chap_5\head_first_chap_5\debug\head_fir.3a667ad3.tlog\link.command.1.tlog
c:\users\mümin\documents\visual studio 2017\projects\head_first_chap_5\head_first_chap_5\debug\head_fir.3a667ad3.tlog\link.read.1.tlog
c:\users\mümin\documents\visual studio 2017\projects\head_first_chap_5\head_first_chap_5\debug\head_fir.3a667ad3.tlog\link.write.1.tlog
