c:\users\mümın\documents\vısual studıo 2017\projects\head_fırst_chap_3\head_fırst_chap_3\debug\head_fırst_chap_3.pch
c:\users\mümın\documents\vısual studıo 2017\projects\head_fırst_chap_3\head_fırst_chap_3\debug\vc141.pdb
c:\users\mümın\documents\vısual studıo 2017\projects\head_fırst_chap_3\head_fırst_chap_3\debug\vc141.ıdb
c:\users\mümın\documents\vısual studıo 2017\projects\head_fırst_chap_3\head_fırst_chap_3\debug\stdafx.obj
c:\users\mümın\documents\vısual studıo 2017\projects\head_fırst_chap_3\head_fırst_chap_3\debug\head_fırst_chap_3.obj
c:\users\mümın\documents\vısual studıo 2017\projects\head_fırst_chap_3\head_fırst_chap_3\debug\beverage.obj
c:\users\mümın\documents\vısual studıo 2017\projects\head_fırst_chap_3\head_fırst_chap_3\debug\condımentdecorator.obj
c:\users\mümın\documents\vısual studıo 2017\projects\head_fırst_chap_3\head_fırst_chap_3\debug\darkroast.obj
c:\users\mümın\documents\vısual studıo 2017\projects\head_fırst_chap_3\head_fırst_chap_3\debug\espresso.obj
c:\users\mümın\documents\vısual studıo 2017\projects\head_fırst_chap_3\head_fırst_chap_3\debug\houseblend.obj
c:\users\mümın\documents\vısual studıo 2017\projects\head_fırst_chap_3\head_fırst_chap_3\debug\mılk.obj
c:\users\mümın\documents\vısual studıo 2017\projects\head_fırst_chap_3\head_fırst_chap_3\debug\mocha.obj
c:\users\mümın\documents\vısual studıo 2017\projects\head_fırst_chap_3\head_fırst_chap_3\debug\soy.obj
c:\users\mümın\documents\vısual studıo 2017\projects\head_fırst_chap_3\head_fırst_chap_3\debug\whıp.obj
c:\users\mümın\documents\vısual studıo 2017\projects\head_fırst_chap_3\head_fırst_chap_3\debug\decaf.obj
c:\users\mümın\documents\vısual studıo 2017\projects\head_fırst_chap_3\debug\head_fırst_chap_3.ılk
c:\users\mümın\documents\vısual studıo 2017\projects\head_fırst_chap_3\debug\head_fırst_chap_3.exe
c:\users\mümın\documents\vısual studıo 2017\projects\head_fırst_chap_3\debug\head_fırst_chap_3.pdb
c:\users\mümin\documents\visual studio 2017\projects\head_first_chap_3\head_first_chap_3\debug\beverage.obj
c:\users\mümin\documents\visual studio 2017\projects\head_first_chap_3\head_first_chap_3\debug\condimentdecorator.obj
c:\users\mümin\documents\visual studio 2017\projects\head_first_chap_3\head_first_chap_3\debug\darkroast.obj
c:\users\mümin\documents\visual studio 2017\projects\head_first_chap_3\head_first_chap_3\debug\decaf.obj
c:\users\mümin\documents\visual studio 2017\projects\head_first_chap_3\head_first_chap_3\debug\espresso.obj
c:\users\mümin\documents\visual studio 2017\projects\head_first_chap_3\head_first_chap_3\debug\head_first_chap_3.obj
c:\users\mümin\documents\visual studio 2017\projects\head_first_chap_3\head_first_chap_3\debug\houseblend.obj
c:\users\mümin\documents\visual studio 2017\projects\head_first_chap_3\head_first_chap_3\debug\milk.obj
c:\users\mümin\documents\visual studio 2017\projects\head_first_chap_3\head_first_chap_3\debug\mocha.obj
c:\users\mümin\documents\visual studio 2017\projects\head_first_chap_3\head_first_chap_3\debug\soy.obj
c:\users\mümin\documents\visual studio 2017\projects\head_first_chap_3\head_first_chap_3\debug\stdafx.obj
c:\users\mümin\documents\visual studio 2017\projects\head_first_chap_3\head_first_chap_3\debug\whip.obj
c:\users\mümin\documents\visual studio 2017\projects\head_first_chap_3\head_first_chap_3\debug\head_first_chap_3.pch
c:\users\mümin\documents\visual studio 2017\projects\head_first_chap_3\head_first_chap_3\debug\vc141.idb
c:\users\mümin\documents\visual studio 2017\projects\head_first_chap_3\head_first_chap_3\debug\vc141.pdb
c:\users\mümin\documents\visual studio 2017\projects\head_first_chap_3\debug\head_first_chap_3.pdb
c:\users\mümin\documents\visual studio 2017\projects\head_first_chap_3\debug\head_first_chap_3.exe
c:\users\mümin\documents\visual studio 2017\projects\head_first_chap_3\debug\head_first_chap_3.ilk
c:\users\mümin\documents\visual studio 2017\projects\head_first_chap_3\head_first_chap_3\debug\head_fir.8181e5f3.tlog\cl.command.1.tlog
c:\users\mümin\documents\visual studio 2017\projects\head_first_chap_3\head_first_chap_3\debug\head_fir.8181e5f3.tlog\cl.read.1.tlog
c:\users\mümin\documents\visual studio 2017\projects\head_first_chap_3\head_first_chap_3\debug\head_fir.8181e5f3.tlog\cl.write.1.tlog
c:\users\mümin\documents\visual studio 2017\projects\head_first_chap_3\head_first_chap_3\debug\head_fir.8181e5f3.tlog\link.command.1.tlog
c:\users\mümin\documents\visual studio 2017\projects\head_first_chap_3\head_first_chap_3\debug\head_fir.8181e5f3.tlog\link.read.1.tlog
c:\users\mümin\documents\visual studio 2017\projects\head_first_chap_3\head_first_chap_3\debug\head_fir.8181e5f3.tlog\link.write.1.tlog
