c:\users\mümın\documents\vısual studıo 2017\projects\head_fırst_chap_2\head_fırst_chap_2\debug\vc141.pdb
c:\users\mümın\documents\vısual studıo 2017\projects\head_fırst_chap_2\head_fırst_chap_2\debug\vc141.ıdb
c:\users\mümın\documents\vısual studıo 2017\projects\head_fırst_chap_2\head_fırst_chap_2\debug\head_fırst_chap_2.pch
c:\users\mümın\documents\vısual studıo 2017\projects\head_fırst_chap_2\head_fırst_chap_2\debug\stdafx.obj
c:\users\mümın\documents\vısual studıo 2017\projects\head_fırst_chap_2\head_fırst_chap_2\debug\dısplayelement.obj
c:\users\mümın\documents\vısual studıo 2017\projects\head_fırst_chap_2\head_fırst_chap_2\debug\head_fırst_chap_2.obj
c:\users\mümın\documents\vısual studıo 2017\projects\head_fırst_chap_2\head_fırst_chap_2\debug\observer.obj
c:\users\mümın\documents\vısual studıo 2017\projects\head_fırst_chap_2\head_fırst_chap_2\debug\subject.obj
c:\users\mümın\documents\vısual studıo 2017\projects\head_fırst_chap_2\head_fırst_chap_2\debug\weatherdata.obj
c:\users\mümın\documents\vısual studıo 2017\projects\head_fırst_chap_2\head_fırst_chap_2\debug\currentcondıtıon.obj
c:\users\mümın\documents\vısual studıo 2017\projects\head_fırst_chap_2\head_fırst_chap_2\debug\forecastdısplay.obj
c:\users\mümın\documents\vısual studıo 2017\projects\head_fırst_chap_2\head_fırst_chap_2\debug\statıcsdıslay.obj
c:\users\mümın\documents\vısual studıo 2017\projects\head_fırst_chap_2\head_fırst_chap_2\debug\thırdpartydısplay.obj
c:\users\mümın\documents\vısual studıo 2017\projects\head_fırst_chap_2\head_fırst_chap_2\debug\currentcondıtıondısplay.obj
c:\users\mümın\documents\vısual studıo 2017\projects\head_fırst_chap_2\debug\head_fırst_chap_2.ılk
c:\users\mümın\documents\vısual studıo 2017\projects\head_fırst_chap_2\debug\head_fırst_chap_2.exe
c:\users\mümın\documents\vısual studıo 2017\projects\head_fırst_chap_2\debug\head_fırst_chap_2.pdb
c:\users\mümin\documents\visual studio 2017\projects\head_first_chap_2\head_first_chap_2\debug\currentcondition.obj
c:\users\mümin\documents\visual studio 2017\projects\head_first_chap_2\head_first_chap_2\debug\currentconditiondisplay.obj
c:\users\mümin\documents\visual studio 2017\projects\head_first_chap_2\head_first_chap_2\debug\displayelement.obj
c:\users\mümin\documents\visual studio 2017\projects\head_first_chap_2\head_first_chap_2\debug\forecastdisplay.obj
c:\users\mümin\documents\visual studio 2017\projects\head_first_chap_2\head_first_chap_2\debug\head_first_chap_2.obj
c:\users\mümin\documents\visual studio 2017\projects\head_first_chap_2\head_first_chap_2\debug\observer.obj
c:\users\mümin\documents\visual studio 2017\projects\head_first_chap_2\head_first_chap_2\debug\staticsdislay.obj
c:\users\mümin\documents\visual studio 2017\projects\head_first_chap_2\head_first_chap_2\debug\stdafx.obj
c:\users\mümin\documents\visual studio 2017\projects\head_first_chap_2\head_first_chap_2\debug\subject.obj
c:\users\mümin\documents\visual studio 2017\projects\head_first_chap_2\head_first_chap_2\debug\thirdpartydisplay.obj
c:\users\mümin\documents\visual studio 2017\projects\head_first_chap_2\head_first_chap_2\debug\weatherdata.obj
c:\users\mümin\documents\visual studio 2017\projects\head_first_chap_2\head_first_chap_2\debug\head_first_chap_2.pch
c:\users\mümin\documents\visual studio 2017\projects\head_first_chap_2\head_first_chap_2\debug\vc141.idb
c:\users\mümin\documents\visual studio 2017\projects\head_first_chap_2\head_first_chap_2\debug\vc141.pdb
c:\users\mümin\documents\visual studio 2017\projects\head_first_chap_2\debug\head_first_chap_2.pdb
c:\users\mümin\documents\visual studio 2017\projects\head_first_chap_2\debug\head_first_chap_2.exe
c:\users\mümin\documents\visual studio 2017\projects\head_first_chap_2\debug\head_first_chap_2.ilk
c:\users\mümin\documents\visual studio 2017\projects\head_first_chap_2\head_first_chap_2\debug\head_fir.1b2b0891.tlog\cl.command.1.tlog
c:\users\mümin\documents\visual studio 2017\projects\head_first_chap_2\head_first_chap_2\debug\head_fir.1b2b0891.tlog\cl.read.1.tlog
c:\users\mümin\documents\visual studio 2017\projects\head_first_chap_2\head_first_chap_2\debug\head_fir.1b2b0891.tlog\cl.write.1.tlog
c:\users\mümin\documents\visual studio 2017\projects\head_first_chap_2\head_first_chap_2\debug\head_fir.1b2b0891.tlog\link.command.1.tlog
c:\users\mümin\documents\visual studio 2017\projects\head_first_chap_2\head_first_chap_2\debug\head_fir.1b2b0891.tlog\link.read.1.tlog
c:\users\mümin\documents\visual studio 2017\projects\head_first_chap_2\head_first_chap_2\debug\head_fir.1b2b0891.tlog\link.write.1.tlog
